<?xml version="1.0" encoding="UTF-8"?>
<!-- Generated by org.testng.reporters.JUnitReportReporter -->
<testsuite name="com.sqa.bm.DataHelperTest" tests="2" time="0.094" ignored="0" failures="0" timestamp="31 Jan 2017 04:22:17 GMT" skipped="0" hostname="FORUSNICE" errors="0">
  <testcase name="testStaticDataHelper" time="0.024" classname="com.sqa.bm.DataHelperTest"/>
  <testcase name="testNonStaticDataHelper" time="0.070" classname="com.sqa.bm.DataHelperTest"/>
</testsuite> <!-- com.sqa.bm.DataHelperTest -->
