<?xml version="1.0" encoding="UTF-8"?>
<!-- Generated by org.testng.reporters.JUnitReportReporter -->
<testsuite hostname="FORUSNICE" name="com.sqa.bm.QAMathSubTest" tests="6" failures="0" timestamp="28 Jan 2017 22:21:04 GMT" time="0.107" errors="0">
  <testcase name="test1" time="0.012" classname="com.sqa.bm.QAMathSubTest"/>
  <testcase name="test1" time="0.007" classname="com.sqa.bm.QAMathSubTest"/>
  <testcase name="test1" time="0.044" classname="com.sqa.bm.QAMathSubTest"/>
  <testcase name="test1" time="0.015" classname="com.sqa.bm.QAMathSubTest"/>
  <testcase name="test1" time="0.012" classname="com.sqa.bm.QAMathSubTest"/>
  <testcase name="test1" time="0.017" classname="com.sqa.bm.QAMathSubTest"/>
</testsuite> <!-- com.sqa.bm.QAMathSubTest -->
