<?xml version="1.0" encoding="UTF-8"?>
<!-- Generated by org.testng.reporters.JUnitReportReporter -->
<testsuite hostname="FORUSNICE" name="com.sqa.bm.QAMathSquareTest" tests="12" failures="0" timestamp="28 Jan 2017 23:20:37 GMT" time="0.140" errors="0">
  <testcase name="testSquareNonStaticMethod" time="0.014" classname="com.sqa.bm.QAMathSquareTest"/>
  <testcase name="testSquareNonStaticMethod" time="0.009" classname="com.sqa.bm.QAMathSquareTest"/>
  <testcase name="testSquareNonStaticMethod" time="0.012" classname="com.sqa.bm.QAMathSquareTest"/>
  <testcase name="testSquareStaticMethod" time="0.006" classname="com.sqa.bm.QAMathSquareTest"/>
  <testcase name="testSquareNonStaticMethod" time="0.042" classname="com.sqa.bm.QAMathSquareTest"/>
  <testcase name="testSquareStaticMethod" time="0.008" classname="com.sqa.bm.QAMathSquareTest"/>
  <testcase name="testSquareNonStaticMethod" time="0.011" classname="com.sqa.bm.QAMathSquareTest"/>
  <testcase name="testSquareNonStaticMethod" time="0.009" classname="com.sqa.bm.QAMathSquareTest"/>
  <testcase name="testSquareStaticMethod" time="0.006" classname="com.sqa.bm.QAMathSquareTest"/>
  <testcase name="testSquareStaticMethod" time="0.007" classname="com.sqa.bm.QAMathSquareTest"/>
  <testcase name="testSquareStaticMethod" time="0.008" classname="com.sqa.bm.QAMathSquareTest"/>
  <testcase name="testSquareStaticMethod" time="0.008" classname="com.sqa.bm.QAMathSquareTest"/>
</testsuite> <!-- com.sqa.bm.QAMathSquareTest -->
